mode: set
github.com\faisal\bluecache\blue_cache.go:12.45,14.2 1 1
github.com\faisal\bluecache\blue_cache.go:16.65,18.2 1 1
github.com\faisal\bluecache\blue_cache.go:20.52,22.2 1 1
github.com\faisal\bluecache\blue_cache.go:24.42,26.2 1 1
github.com\faisal\bluecache\blue_cache.go:28.36,30.2 1 1
github.com\faisal\bluecache\blue_cache.go:34.23,43.2 3 1
github.com\faisal\bluecache\memory.go:20.25,21.12 1 1
github.com\faisal\bluecache\memory.go:21.12,22.7 1 1
github.com\faisal\bluecache\memory.go:22.7,25.4 2 1
github.com\faisal\bluecache\memory.go:29.41,30.16 1 1
github.com\faisal\bluecache\memory.go:34.2,39.12 4 1
github.com\faisal\bluecache\memory.go:30.16,32.3 1 0
github.com\faisal\bluecache\memory.go:42.61,43.16 1 1
github.com\faisal\bluecache\memory.go:47.2,51.12 4 1
github.com\faisal\bluecache\memory.go:43.16,45.3 1 0
github.com\faisal\bluecache\memory.go:54.54,55.16 1 1
github.com\faisal\bluecache\memory.go:58.2,61.35 3 1
github.com\faisal\bluecache\memory.go:64.2,64.37 1 1
github.com\faisal\bluecache\memory.go:55.16,57.3 1 0
github.com\faisal\bluecache\memory.go:61.35,63.3 1 1
github.com\faisal\bluecache\memory.go:67.38,68.16 1 1
github.com\faisal\bluecache\memory.go:71.2,75.12 4 1
github.com\faisal\bluecache\memory.go:68.16,70.3 1 0
github.com\faisal\bluecache\memory.go:78.32,79.16 1 1
github.com\faisal\bluecache\memory.go:82.2,86.12 4 1
github.com\faisal\bluecache\memory.go:79.16,81.3 1 1
github.com\faisal\bluecache\memory.go:89.27,92.24 3 1
github.com\faisal\bluecache\memory.go:92.24,93.22 1 1
github.com\faisal\bluecache\memory.go:96.3,96.36 1 1
github.com\faisal\bluecache\memory.go:93.22,94.12 1 1
github.com\faisal\bluecache\memory.go:96.36,98.4 1 1
